mode: atomic
grpcrest/services/auth/internal/usecase/auth.go:14.60,17.11 2 3
grpcrest/services/auth/internal/usecase/auth.go:17.11,19.3 1 1
grpcrest/services/auth/internal/usecase/auth.go:20.2,20.36 1 3
grpcrest/services/auth/internal/usecase/auth.go:24.60,26.2 1 2
grpcrest/services/auth/internal/usecase/auth.go:29.60,31.2 1 2
grpcrest/services/auth/internal/usecase/auth.go:34.93,36.2 1 2
grpcrest/services/auth/internal/usecase/auth.go:38.70,42.2 1 9
grpcrest/services/auth/internal/usecase/bcryptartifact.go:12.73,14.2 1 0
grpcrest/services/auth/internal/usecase/bcryptartifact.go:16.76,18.2 1 0
grpcrest/services/auth/internal/usecase/bcryptartifact.go:20.33,22.2 1 0
grpcrest/services/user/internal/delivery/grpc_server/create_user.go:11.118,17.16 3 6
grpcrest/services/user/internal/delivery/grpc_server/create_user.go:17.16,21.3 1 4
grpcrest/services/user/internal/delivery/grpc_server/create_user.go:24.2,25.16 2 2
grpcrest/services/user/internal/delivery/grpc_server/create_user.go:25.16,29.3 1 0
grpcrest/services/user/internal/delivery/grpc_server/create_user.go:32.2,33.16 2 2
grpcrest/services/user/internal/delivery/grpc_server/create_user.go:33.16,37.3 1 1
grpcrest/services/user/internal/delivery/grpc_server/create_user.go:38.2,40.8 1 1
grpcrest/services/user/internal/delivery/grpc_server/create_user_hander.go:14.107,25.2 3 0
grpcrest/services/user/internal/delivery/grpc_server/delete_user.go:11.118,14.16 2 5
grpcrest/services/user/internal/delivery/grpc_server/delete_user.go:14.16,18.3 1 1
grpcrest/services/user/internal/delivery/grpc_server/delete_user.go:21.2,22.16 2 4
grpcrest/services/user/internal/delivery/grpc_server/delete_user.go:22.16,26.3 1 1
grpcrest/services/user/internal/delivery/grpc_server/delete_user.go:28.2,28.23 1 3
grpcrest/services/user/internal/delivery/grpc_server/delete_user.go:28.23,32.3 1 1
grpcrest/services/user/internal/delivery/grpc_server/delete_user.go:35.2,36.16 2 2
grpcrest/services/user/internal/delivery/grpc_server/delete_user.go:36.16,40.3 1 1
grpcrest/services/user/internal/delivery/grpc_server/delete_user.go:41.2,43.8 1 1
grpcrest/services/user/internal/delivery/grpc_server/delete_user_handler.go:14.107,26.2 3 0
grpcrest/services/user/internal/delivery/grpc_server/get_all_user.go:10.115,13.16 2 0
grpcrest/services/user/internal/delivery/grpc_server/get_all_user.go:13.16,15.3 1 0
grpcrest/services/user/internal/delivery/grpc_server/get_all_user.go:18.2,19.16 2 0
grpcrest/services/user/internal/delivery/grpc_server/get_all_user.go:19.16,21.3 1 0
grpcrest/services/user/internal/delivery/grpc_server/get_all_user.go:24.2,24.43 1 0
grpcrest/services/user/internal/delivery/grpc_server/get_all_user_handler.go:14.107,25.2 3 0
grpcrest/services/user/internal/delivery/grpc_server/update_user.go:11.118,14.16 2 9
grpcrest/services/user/internal/delivery/grpc_server/update_user.go:14.16,18.3 1 1
grpcrest/services/user/internal/delivery/grpc_server/update_user.go:21.2,22.16 2 8
grpcrest/services/user/internal/delivery/grpc_server/update_user.go:22.16,26.3 1 5
grpcrest/services/user/internal/delivery/grpc_server/update_user.go:28.2,28.23 1 3
grpcrest/services/user/internal/delivery/grpc_server/update_user.go:28.23,32.3 1 1
grpcrest/services/user/internal/delivery/grpc_server/update_user.go:35.2,36.16 2 2
grpcrest/services/user/internal/delivery/grpc_server/update_user.go:36.16,40.3 1 1
grpcrest/services/user/internal/delivery/grpc_server/update_user.go:41.2,43.8 1 1
grpcrest/services/user/internal/delivery/grpc_server/update_user_hander.go:14.107,26.2 3 0
grpcrest/services/user/internal/usecase/user_artifact.go:14.116,19.2 1 18
grpcrest/services/user/internal/usecase/user_create.go:12.53,25.16 4 4
grpcrest/services/user/internal/usecase/user_create.go:25.16,27.3 1 2
grpcrest/services/user/internal/usecase/user_create.go:30.2,34.16 3 2
grpcrest/services/user/internal/usecase/user_create.go:34.16,36.3 1 1
grpcrest/services/user/internal/usecase/user_create.go:37.2,37.12 1 1
grpcrest/services/user/internal/usecase/user_delete.go:10.53,19.16 3 4
grpcrest/services/user/internal/usecase/user_delete.go:19.16,21.3 1 2
grpcrest/services/user/internal/usecase/user_delete.go:24.2,25.16 2 2
grpcrest/services/user/internal/usecase/user_delete.go:25.16,27.3 1 1
grpcrest/services/user/internal/usecase/user_delete.go:28.2,28.12 1 1
grpcrest/services/user/internal/usecase/user_get_all.go:9.77,10.31 1 5
grpcrest/services/user/internal/usecase/user_get_all.go:10.31,12.3 1 3
grpcrest/services/user/internal/usecase/user_get_all.go:13.2,13.39 1 2
grpcrest/services/user/internal/usecase/user_update.go:10.53,20.16 3 5
grpcrest/services/user/internal/usecase/user_update.go:20.16,22.3 1 2
grpcrest/services/user/internal/usecase/user_update.go:25.2,26.11 2 3
grpcrest/services/user/internal/usecase/user_update.go:26.11,28.3 1 1
grpcrest/services/user/internal/usecase/user_update.go:31.2,32.16 2 3
grpcrest/services/user/internal/usecase/user_update.go:32.16,34.3 1 1
grpcrest/services/user/internal/usecase/user_update.go:35.2,35.12 1 2
